<?xml version="1.0" encoding="UTF-8"?>
<!-- Generated by org.testng.reporters.JUnitReportReporter -->
<testsuite hostname="LAPTOP-LMD6839C" failures="0" tests="1" name="com.bancaedge.testcases.ProposalSummaryPageTest" time="24.791" errors="0" timestamp="2022-11-03T14:48:53 IST" skipped="0">
  <testcase classname="com.bancaedge.testcases.ProposalSummaryPageTest" name="checkAllfieldDisplayed" time="24.791"/>
  <system-out/>
</testsuite> <!-- com.bancaedge.testcases.ProposalSummaryPageTest -->
