<?xml version="1.0" encoding="UTF-8"?>
<!-- Generated by org.testng.reporters.JUnitReportReporter -->
<testsuite skipped="0" hostname="LAPTOP-LMD6839C" name="com.bancaedge.testcases.ProposalSummaryPageTest" tests="1" failures="0" timestamp="2022-11-04T15:46:03 IST" time="27.028" errors="0">
  <testcase name="checkAllfieldDisplayed" time="27.028" classname="com.bancaedge.testcases.ProposalSummaryPageTest"/>
  <system-out/>
</testsuite> <!-- com.bancaedge.testcases.ProposalSummaryPageTest -->
