<?xml version="1.0" encoding="UTF-8"?>
<!-- Generated by org.testng.reporters.JUnitReportReporter -->
<testsuite hostname="LAPTOP-LMD6839C" failures="0" tests="1" name="com.bancaedge.testcases.CustomerSearchPageTest" time="6.177" errors="0" timestamp="2022-09-23T17:05:58 IST" skipped="0">
  <testcase classname="com.bancaedge.testcases.CustomerSearchPageTest" name="validateCustName" time="6.177"/>
  <system-out/>
</testsuite> <!-- com.bancaedge.testcases.CustomerSearchPageTest -->
