<?xml version="1.0" encoding="UTF-8"?>
<!-- Generated by org.testng.reporters.JUnitReportReporter -->
<testsuite hostname="LAPTOP-LMD6839C" failures="0" tests="1" name="com.bancaedge.testcases.ContactInfoPageTest" time="23.256" errors="0" timestamp="2022-09-29T16:38:38 IST" skipped="0">
  <testcase classname="com.bancaedge.testcases.ContactInfoPageTest" name="checkAllfieldDisplayed" time="23.256"/>
  <system-out/>
</testsuite> <!-- com.bancaedge.testcases.ContactInfoPageTest -->
