<?xml version="1.0" encoding="UTF-8"?>
<!-- Generated by org.testng.reporters.JUnitReportReporter -->
<testsuite hostname="LAPTOP-LMD6839C" failures="0" tests="1" name="com.bancaedge.testcases.LOBPageTest" time="5.375" errors="0" timestamp="2022-09-23T17:05:58 IST" skipped="0">
  <testcase classname="com.bancaedge.testcases.LOBPageTest" name="verifyLOBURL" time="5.375"/>
  <system-out/>
</testsuite> <!-- com.bancaedge.testcases.LOBPageTest -->
