<?xml version="1.0" encoding="UTF-8"?>
<!-- Generated by org.testng.reporters.JUnitReportReporter -->
<testsuite hostname="LAPTOP-LMD6839C" failures="0" tests="1" name="com.bancaedge.testcases.ProposerDetailsPageTest" time="19.812" errors="0" timestamp="2022-09-29T15:45:28 IST" skipped="0">
  <testcase classname="com.bancaedge.testcases.ProposerDetailsPageTest" name="checkAllfieldDisplayed" time="19.812"/>
  <system-out/>
</testsuite> <!-- com.bancaedge.testcases.ProposerDetailsPageTest -->
