<?xml version="1.0" encoding="UTF-8"?>
<!-- Generated by org.testng.reporters.JUnitReportReporter -->
<testsuite hostname="LAPTOP-LMD6839C" failures="0" tests="1" name="com.bancaedge.testcases.PolicyLeadPageTest" time="16.544" errors="0" timestamp="2022-11-02T18:13:11 IST" skipped="0">
  <testcase classname="com.bancaedge.testcases.PolicyLeadPageTest" name="validateHDFCInsurerName" time="16.544"/>
  <system-out/>
</testsuite> <!-- com.bancaedge.testcases.PolicyLeadPageTest -->
