<?xml version="1.0" encoding="UTF-8"?>
<!-- Generated by org.testng.reporters.JUnitReportReporter -->
<testsuite hostname="LAPTOP-LMD6839C" failures="0" tests="6" name="com.bancaedge.testcases.HomePageTest" time="35.083" errors="0" timestamp="2022-09-23T17:05:58 IST" skipped="0">
  <testcase classname="com.bancaedge.testcases.HomePageTest" name="validatePolicyVaultMenu" time="9.097"/>
  <system-out/>
  <testcase classname="com.bancaedge.testcases.HomePageTest" name="verifyHomePageURL" time="2.946"/>
  <system-out/>
  <testcase classname="com.bancaedge.testcases.HomePageTest" name="validateGroupCreditMenu" time="5.089"/>
  <system-out/>
  <testcase classname="com.bancaedge.testcases.HomePageTest" name="validateValidCIF" time="6.355"/>
  <system-out/>
  <testcase classname="com.bancaedge.testcases.HomePageTest" name="validateInvalidCIF" time="6.526"/>
  <system-out/>
  <testcase classname="com.bancaedge.testcases.HomePageTest" name="validateMySpaceMenu" time="5.070"/>
  <system-out/>
</testsuite> <!-- com.bancaedge.testcases.HomePageTest -->
