<?xml version="1.0" encoding="UTF-8"?>
<!-- Generated by org.testng.reporters.JUnitReportReporter -->
<testsuite hostname="LAPTOP-LMD6839C" failures="0" tests="1" name="com.bancaedge.testcases.LoginPageTest" time="2.709" errors="0" timestamp="2022-11-03T14:43:18 IST" skipped="0">
  <testcase classname="com.bancaedge.testcases.LoginPageTest" name="verifyLogin" time="2.709"/>
  <system-out/>
</testsuite> <!-- com.bancaedge.testcases.LoginPageTest -->
