<?xml version="1.0" encoding="UTF-8"?>
<!-- Generated by org.testng.reporters.JUnitReportReporter -->
<testsuite skipped="0" hostname="LAPTOP-LMD6839C" name="com.bancaedge.testcases.PolicyLeadPageTest" tests="1" failures="0" timestamp="2022-11-04T15:41:08 IST" time="15.075" errors="0">
  <testcase name="validateFieldsICICIInsurer" time="15.075" classname="com.bancaedge.testcases.PolicyLeadPageTest"/>
  <system-out/>
</testsuite> <!-- com.bancaedge.testcases.PolicyLeadPageTest -->
