<?xml version="1.0" encoding="UTF-8"?>
<!-- Generated by org.testng.reporters.JUnitReportReporter -->
<testsuite hostname="LAPTOP-LMD6839C" failures="0" tests="2" name="com.bancaedge.testcases.LoginPageTest" time="9.475" errors="0" timestamp="2022-09-29T19:11:20 IST" skipped="0">
  <testcase classname="com.bancaedge.testcases.LoginPageTest" name="verifyTitle" time="5.085"/>
  <system-out/>
  <testcase classname="com.bancaedge.testcases.LoginPageTest" name="verifyLogin" time="4.390"/>
  <system-out/>
</testsuite> <!-- com.bancaedge.testcases.LoginPageTest -->
